# JRE version: Java(TM) SE Runtime Environment 18.9 (11.0.28+12) (build 11.0.28+12-LTS-279)
# Java VM: Java HotSpot(TM) 64-Bit Server VM 18.9 (11.0.28+12-LTS-279, mixed mode, tiered, compressed oops, g1 gc, windows-amd64)
Heap:
 garbage-first heap   total 131072K, used 21698K [0x0000000080a00000, 0x0000000100000000)
  region size 1024K, 9 young (9216K), 8 survivors (8192K)
 Metaspace       used 59177K, capacity 60289K, committed 60496K, reserved 1101824K
  class space    used 7478K, capacity 7922K, committed 7936K, reserved 1048576K
GC Heap History (10 events):
Event: 30.211 GC heap before
{Heap before GC invocations=8 (full 0):
 garbage-first heap   total 131072K, used 82562K [0x0000000080a00000, 0x0000000100000000)
  region size 1024K, 76 young (77824K), 4 survivors (4096K)
 Metaspace       used 19959K, capacity 20371K, committed 20480K, reserved 1067008K
  class space    used 1888K, capacity 2028K, committed 2048K, reserved 1048576K
}
Event: 30.216 GC heap after
{Heap after GC invocations=9 (full 0):
 garbage-first heap   total 131072K, used 9632K [0x0000000080a00000, 0x0000000100000000)
  region size 1024K, 5 young (5120K), 5 survivors (5120K)
 Metaspace       used 19959K, capacity 20371K, committed 20480K, reserved 1067008K
  class space    used 1888K, capacity 2028K, committed 2048K, reserved 1048576K
}
Event: 31.380 GC heap before
{Heap before GC invocations=9 (full 0):
 garbage-first heap   total 131072K, used 58784K [0x0000000080a00000, 0x0000000100000000)
  region size 1024K, 54 young (55296K), 5 survivors (5120K)
 Metaspace       used 20831K, capacity 21277K, committed 21552K, reserved 1069056K
  class space    used 1998K, capacity 2162K, committed 2176K, reserved 1048576K
}
Event: 31.394 GC heap after
{Heap after GC invocations=10 (full 0):
 garbage-first heap   total 131072K, used 9466K [0x0000000080a00000, 0x0000000100000000)
  region size 1024K, 5 young (5120K), 5 survivors (5120K)
 Metaspace       used 20831K, capacity 21277K, committed 21552K, reserved 1069056K
  class space    used 1998K, capacity 2162K, committed 2176K, reserved 1048576K
}
Event: 36.888 GC heap before
{Heap before GC invocations=11 (full 0):
 garbage-first heap   total 131072K, used 82170K [0x0000000080a00000, 0x0000000100000000)
  region size 1024K, 76 young (77824K), 5 survivors (5120K)
 Metaspace       used 31542K, capacity 32197K, committed 32432K, reserved 1077248K
  class space    used 3458K, capacity 3723K, committed 3840K, reserved 1048576K
}
Event: 36.901 GC heap after
{Heap after GC invocations=12 (full 0):
 garbage-first heap   total 131072K, used 13441K [0x0000000080a00000, 0x0000000100000000)
  region size 1024K, 9 young (9216K), 9 survivors (9216K)
 Metaspace       used 31542K, capacity 32197K, committed 32432K, reserved 1077248K
  class space    used 3458K, capacity 3723K, committed 3840K, reserved 1048576K
}
Event: 37.558 GC heap before
{Heap before GC invocations=12 (full 0):
 garbage-first heap   total 131072K, used 27777K [0x0000000080a00000, 0x0000000100000000)
  region size 1024K, 24 young (24576K), 9 survivors (9216K)
 Metaspace       used 35034K, capacity 35792K, committed 35920K, reserved 1081344K
  class space    used 3986K, capacity 4296K, committed 4352K, reserved 1048576K
}
Event: 37.567 GC heap after
{Heap after GC invocations=13 (full 0):
 garbage-first heap   total 131072K, used 13820K [0x0000000080a00000, 0x0000000100000000)
  region size 1024K, 6 young (6144K), 6 survivors (6144K)
 Metaspace       used 35034K, capacity 35792K, committed 35920K, reserved 1081344K
  class space    used 3986K, capacity 4296K, committed 4352K, reserved 1048576K
}
Event: 40.023 GC heap before
{Heap before GC invocations=14 (full 0):
 garbage-first heap   total 131072K, used 85500K [0x0000000080a00000, 0x0000000100000000)
  region size 1024K, 76 young (77824K), 6 survivors (6144K)
 Metaspace       used 50450K, capacity 51389K, committed 51536K, reserved 1093632K
  class space    used 6163K, capacity 6534K, committed 6656K, reserved 1048576K
}
Event: 40.032 GC heap after
{Heap after GC invocations=15 (full 0):
 garbage-first heap   total 131072K, used 18732K [0x0000000080a00000, 0x0000000100000000)
  region size 1024K, 10 young (10240K), 10 survivors (10240K)
 Metaspace       used 50450K, capacity 51389K, committed 51536K, reserved 1093632K
  class space    used 6163K, capacity 6534K, committed 6656K, reserved 1048576K
}

