# JRE version: Java(TM) SE Runtime Environment 18.9 (11.0.28+12) (build 11.0.28+12-LTS-279)
# Java VM: Java HotSpot(TM) 64-Bit Server VM 18.9 (11.0.28+12-LTS-279, mixed mode, tiered, compressed oops, g1 gc, windows-amd64)
Heap:
 garbage-first heap   total 131072K, used 30669K [0x0000000080a00000, 0x0000000100000000)
  region size 1024K, 13 young (13312K), 5 survivors (5120K)
 Metaspace       used 66986K, capacity 68210K, committed 68304K, reserved 1110016K
  class space    used 8255K, capacity 8746K, committed 8832K, reserved 1048576K
GC Heap History (10 events):
Event: 35.485 GC heap before
{Heap before GC invocations=12 (full 0):
 garbage-first heap   total 131072K, used 84220K [0x0000000080a00000, 0x0000000100000000)
  region size 1024K, 76 young (77824K), 3 survivors (3072K)
 Metaspace       used 32656K, capacity 33417K, committed 33584K, reserved 1079296K
  class space    used 3608K, capacity 3896K, committed 3968K, reserved 1048576K
}
Event: 35.515 GC heap after
{Heap after GC invocations=13 (full 0):
 garbage-first heap   total 131072K, used 13620K [0x0000000080a00000, 0x0000000100000000)
  region size 1024K, 7 young (7168K), 7 survivors (7168K)
 Metaspace       used 32656K, capacity 33417K, committed 33584K, reserved 1079296K
  class space    used 3608K, capacity 3896K, committed 3968K, reserved 1048576K
}
Event: 35.898 GC heap before
{Heap before GC invocations=13 (full 0):
 garbage-first heap   total 131072K, used 22836K [0x0000000080a00000, 0x0000000100000000)
  region size 1024K, 17 young (17408K), 7 survivors (7168K)
 Metaspace       used 35050K, capacity 35805K, committed 35920K, reserved 1081344K
  class space    used 3979K, capacity 4301K, committed 4352K, reserved 1048576K
}
Event: 35.904 GC heap after
{Heap after GC invocations=14 (full 0):
 garbage-first heap   total 131072K, used 14588K [0x0000000080a00000, 0x0000000100000000)
  region size 1024K, 6 young (6144K), 6 survivors (6144K)
 Metaspace       used 35050K, capacity 35805K, committed 35920K, reserved 1081344K
  class space    used 3979K, capacity 4301K, committed 4352K, reserved 1048576K
}
Event: 38.411 GC heap before
{Heap before GC invocations=15 (full 0):
 garbage-first heap   total 131072K, used 77052K [0x0000000080a00000, 0x0000000100000000)
  region size 1024K, 67 young (68608K), 6 survivors (6144K)
 Metaspace       used 48435K, capacity 49400K, committed 49616K, reserved 1093632K
  class space    used 5789K, capacity 6167K, committed 6272K, reserved 1048576K
}
Event: 38.421 GC heap after
{Heap after GC invocations=16 (full 0):
 garbage-first heap   total 131072K, used 18496K [0x0000000080a00000, 0x0000000100000000)
  region size 1024K, 5 young (5120K), 5 survivors (5120K)
 Metaspace       used 48435K, capacity 49400K, committed 49616K, reserved 1093632K
  class space    used 5789K, capacity 6167K, committed 6272K, reserved 1048576K
}
Event: 40.479 GC heap before
{Heap before GC invocations=16 (full 0):
 garbage-first heap   total 131072K, used 70720K [0x0000000080a00000, 0x0000000100000000)
  region size 1024K, 57 young (58368K), 5 survivors (5120K)
 Metaspace       used 59104K, capacity 60168K, committed 60240K, reserved 1101824K
  class space    used 7471K, capacity 7924K, committed 7936K, reserved 1048576K
}
Event: 40.485 GC heap after
{Heap after GC invocations=17 (full 0):
 garbage-first heap   total 131072K, used 21409K [0x0000000080a00000, 0x0000000100000000)
  region size 1024K, 7 young (7168K), 7 survivors (7168K)
 Metaspace       used 59104K, capacity 60168K, committed 60240K, reserved 1101824K
  class space    used 7471K, capacity 7924K, committed 7936K, reserved 1048576K
}
Event: 2430.833 GC heap before
{Heap before GC invocations=18 (full 0):
 garbage-first heap   total 131072K, used 83873K [0x0000000080a00000, 0x0000000100000000)
  region size 1024K, 68 young (69632K), 7 survivors (7168K)
 Metaspace       used 66770K, capacity 68014K, committed 68304K, reserved 1110016K
  class space    used 8255K, capacity 8746K, committed 8832K, reserved 1048576K
}
Event: 2431.054 GC heap after
{Heap after GC invocations=19 (full 0):
 garbage-first heap   total 131072K, used 23501K [0x0000000080a00000, 0x0000000100000000)
  region size 1024K, 5 young (5120K), 5 survivors (5120K)
 Metaspace       used 66770K, capacity 68014K, committed 68304K, reserved 1110016K
  class space    used 8255K, capacity 8746K, committed 8832K, reserved 1048576K
}

